<?xml version="1.0" encoding="UTF-8"?>
<!-- Generated by org.testng.reporters.JUnitXMLReporter -->
<testsuite hostname="ARPGL001447" ignored="0" name="Default test" tests="2" failures="1" timestamp="2021-01-10T11:50:33 IST" time="30.466" errors="0">
  <testcase name="testHomepage" time="3.418" classname="com.selenium.HomePageTest"/>
  <testcase name="testHomepageTest" time="4.731" classname="com.selenium.HomePageTest">
    <failure type="java.lang.AssertionError" message="
Expected size:&amp;lt;11&amp;gt; but was:&amp;lt;10&amp;gt; in:
&amp;lt;[[[ChromeDriver: chrome on WINDOWS (a19afa635c737f2e3ab4d898b91c4859)] -&amp;gt; xpath: //h3/span],
    [[ChromeDriver: chrome on WINDOWS (a19afa635c737f2e3ab4d898b91c4859)] -&amp;gt; xpath: //h3/span],
    [[ChromeDriver: chrome on WINDOWS (a19afa635c737f2e3ab4d898b91c4859)] -&amp;gt; xpath: //h3/span],
    [[ChromeDriver: chrome on WINDOWS (a19afa635c737f2e3ab4d898b91c4859)] -&amp;gt; xpath: //h3/span],
    [[ChromeDriver: chrome on WINDOWS (a19afa635c737f2e3ab4d898b91c4859)] -&amp;gt; xpath: //h3/span],
    [[ChromeDriver: chrome on WINDOWS (a19afa635c737f2e3ab4d898b91c4859)] -&amp;gt; xpath: //h3/span],
    [[ChromeDriver: chrome on WINDOWS (a19afa635c737f2e3ab4d898b91c4859)] -&amp;gt; xpath: //h3/span],
    [[ChromeDriver: chrome on WINDOWS (a19afa635c737f2e3ab4d898b91c4859)] -&amp;gt; xpath: //h3/span],
    [[ChromeDriver: chrome on WINDOWS (a19afa635c737f2e3ab4d898b91c4859)] -&amp;gt; xpath: //h3/span],
    [[ChromeDriver: chrome on WINDOWS (a19afa635c737f2e3ab4d898b91c4859)] -&amp;gt; xpath: //h3/span]]&amp;gt;">
      <![CDATA[java.lang.AssertionError: 
Expected size:<11> but was:<10> in:
<[[[ChromeDriver: chrome on WINDOWS (a19afa635c737f2e3ab4d898b91c4859)] -> xpath: //h3/span],
    [[ChromeDriver: chrome on WINDOWS (a19afa635c737f2e3ab4d898b91c4859)] -> xpath: //h3/span],
    [[ChromeDriver: chrome on WINDOWS (a19afa635c737f2e3ab4d898b91c4859)] -> xpath: //h3/span],
    [[ChromeDriver: chrome on WINDOWS (a19afa635c737f2e3ab4d898b91c4859)] -> xpath: //h3/span],
    [[ChromeDriver: chrome on WINDOWS (a19afa635c737f2e3ab4d898b91c4859)] -> xpath: //h3/span],
    [[ChromeDriver: chrome on WINDOWS (a19afa635c737f2e3ab4d898b91c4859)] -> xpath: //h3/span],
    [[ChromeDriver: chrome on WINDOWS (a19afa635c737f2e3ab4d898b91c4859)] -> xpath: //h3/span],
    [[ChromeDriver: chrome on WINDOWS (a19afa635c737f2e3ab4d898b91c4859)] -> xpath: //h3/span],
    [[ChromeDriver: chrome on WINDOWS (a19afa635c737f2e3ab4d898b91c4859)] -> xpath: //h3/span],
    [[ChromeDriver: chrome on WINDOWS (a19afa635c737f2e3ab4d898b91c4859)] -> xpath: //h3/span]]]]><![CDATA[>
at com.selenium.HomePageTest.testHomepageTest(HomePageTest.java:58)
at sun.reflect.NativeMethodAccessorImpl.invoke0(Native Method)
at sun.reflect.NativeMethodAccessorImpl.invoke(NativeMethodAccessorImpl.java:62)
at sun.reflect.DelegatingMethodAccessorImpl.invoke(DelegatingMethodAccessorImpl.java:43)
at java.lang.reflect.Method.invoke(Method.java:498)
at org.testng.internal.MethodInvocationHelper.invokeMethod(MethodInvocationHelper.java:132)
at org.testng.internal.TestInvoker.invokeMethod(TestInvoker.java:599)
at org.testng.internal.TestInvoker.invokeTestMethod(TestInvoker.java:174)
at org.testng.internal.MethodRunner.runInSequence(MethodRunner.java:46)
at org.testng.internal.TestInvoker$MethodInvocationAgent.invoke(TestInvoker.java:822)
at org.testng.internal.TestInvoker.invokeTestMethods(TestInvoker.java:147)
at org.testng.internal.TestMethodWorker.invokeTestMethods(TestMethodWorker.java:146)
at org.testng.internal.TestMethodWorker.run(TestMethodWorker.java:128)
at java.util.ArrayList.forEach(ArrayList.java:1249)
at org.testng.TestRunner.privateRun(TestRunner.java:764)
at org.testng.TestRunner.run(TestRunner.java:585)
at org.testng.SuiteRunner.runTest(SuiteRunner.java:384)
at org.testng.SuiteRunner.runSequentially(SuiteRunner.java:378)
at org.testng.SuiteRunner.privateRun(SuiteRunner.java:337)
at org.testng.SuiteRunner.run(SuiteRunner.java:286)
at org.testng.SuiteRunnerWorker.runSuite(SuiteRunnerWorker.java:53)
at org.testng.SuiteRunnerWorker.run(SuiteRunnerWorker.java:96)
at org.testng.TestNG.runSuitesSequentially(TestNG.java:1218)
at org.testng.TestNG.runSuitesLocally(TestNG.java:1140)
at org.testng.TestNG.runSuites(TestNG.java:1069)
at org.testng.TestNG.run(TestNG.java:1037)
at org.testng.remote.AbstractRemoteTestNG.run(AbstractRemoteTestNG.java:115)
at org.testng.remote.RemoteTestNG.initAndRun(RemoteTestNG.java:251)
at org.testng.remote.RemoteTestNG.main(RemoteTestNG.java:77)
]]>
    </failure>
  </testcase> <!-- testHomepageTest -->
</testsuite> <!-- Default test -->
