<!DOCTYPE html>

<html>
  <head>
  <meta charset='utf-8'>
  <title>TestNG reports</title>

    <link type="text/css" href="testng-reports1.css" rel="stylesheet" id="ultra" />
    <link type="text/css" href="testng-reports.css" rel="stylesheet" id="retro" disabled="false"/>
    <script type="text/javascript" src="jquery-3.4.1.min.js"></script>
    <script type="text/javascript" src="testng-reports.js"></script>
    <script type="text/javascript" src="https://www.google.com/jsapi"></script>
    <script type='text/javascript'>
      google.load('visualization', '1', {packages:['table']});
      google.setOnLoadCallback(drawTable);
      var suiteTableInitFunctions = new Array();
      var suiteTableData = new Array();
    </script>
    <!--
      <script type="text/javascript" src="jquery-ui/js/jquery-ui-1.8.16.custom.min.js"></script>
     -->
  </head>

  <body>
    <div class="top-banner-root">
      <span class="top-banner-title-font">Test results</span>
      <button class="button" id="button">Switch Retro Theme</button> <!-- button -->
      <br/>
      <span class="top-banner-font-1">1 suite, 9 failed tests</span>
    </div> <!-- top-banner-root -->
    <div class="navigator-root">
      <div class="navigator-suite-header">
        <span>All suites</span>
        <a href="#" class="collapse-all-link" title="Collapse/expand all the suites">
          <img class="collapse-all-icon" src="collapseall.gif">
          </img> <!-- collapse-all-icon -->
        </a> <!-- collapse-all-link -->
      </div> <!-- navigator-suite-header -->
      <div class="suite">
        <div class="rounded-window">
          <div class="suite-header light-rounded-window-top">
            <a href="#" class="navigator-link" panel-name="suite-Suite">
              <span class="suite-name border-failed">Suite</span>
            </a> <!-- navigator-link -->
          </div> <!-- suite-header light-rounded-window-top -->
          <div class="navigator-suite-content">
            <div class="suite-section-title">
              <span>Info</span>
            </div> <!-- suite-section-title -->
            <div class="suite-section-content">
              <ul>
                <li>
                  <a href="#" class="navigator-link " panel-name="test-xml-Suite">
                    <span>C:\Users\mayur_sapre\eclipse-workspace\SeleniumAutomation\testng.xml</span>
                  </a> <!-- navigator-link  -->
                </li>
                <li>
                  <a href="#" class="navigator-link " panel-name="testlist-Suite">
                    <span class="test-stats">1 test</span>
                  </a> <!-- navigator-link  -->
                </li>
                <li>
                  <a href="#" class="navigator-link " panel-name="group-Suite">
                    <span>0 groups</span>
                  </a> <!-- navigator-link  -->
                </li>
                <li>
                  <a href="#" class="navigator-link " panel-name="times-Suite">
                    <span>Times</span>
                  </a> <!-- navigator-link  -->
                </li>
                <li>
                  <a href="#" class="navigator-link " panel-name="reporter-Suite">
                    <span>Reporter output</span>
                  </a> <!-- navigator-link  -->
                </li>
                <li>
                  <a href="#" class="navigator-link " panel-name="ignored-methods-Suite">
                    <span>Ignored methods</span>
                  </a> <!-- navigator-link  -->
                </li>
                <li>
                  <a href="#" class="navigator-link " panel-name="chronological-Suite">
                    <span>Chronological view</span>
                  </a> <!-- navigator-link  -->
                </li>
              </ul>
            </div> <!-- suite-section-content -->
            <div class="result-section">
              <div class="suite-section-title">
                <span>Results</span>
              </div> <!-- suite-section-title -->
              <div class="suite-section-content">
                <ul>
                  <li>
                    <span class="method-stats">9 methods, 9 failed,   </span>
                  </li>
                  <li>
                    <span class="method-list-title failed">Failed methods</span>
                    <span class="show-or-hide-methods failed">
                      <a href="#" panel-name="suite-Suite" class="hide-methods failed suite-Suite"> (hide)</a> <!-- hide-methods failed suite-Suite -->
                      <a href="#" panel-name="suite-Suite" class="show-methods failed suite-Suite"> (show)</a> <!-- show-methods failed suite-Suite -->
                    </span>
                    <div class="method-list-content failed suite-Suite">
                      <span>
                        <img width="3%" src="failed.png"/>
                        <a href="#" class="method navigator-link" panel-name="suite-Suite" title="com.selenium.AccountManagerLoginPageTest" hash-for-method="loginlogoutTest({password=ThorMigration@12345, firstname=cfjefewrvjr, browser=chrome, run=yes, testname=loginlogoutT...)">loginlogoutTest({password=ThorMigration@12345, firstname=cfjefewrvjr, browser=chrome, run=yes, testname=loginlogoutT...)</a> <!-- method navigator-link -->
                      </span>
                      <br/>
                      <span>
                        <img width="3%" src="failed.png"/>
                        <a href="#" class="method navigator-link" panel-name="suite-Suite" title="com.selenium.AccountManagerLoginPageTest" hash-for-method="loginlogoutTest({password=ThorMigration@12345, firstname=Watane, browser=chrome, run=yes, testname=loginlogoutTest, ...)">loginlogoutTest({password=ThorMigration@12345, firstname=Watane, browser=chrome, run=yes, testname=loginlogoutTest, ...)</a> <!-- method navigator-link -->
                      </span>
                      <br/>
                      <span>
                        <img width="3%" src="failed.png"/>
                        <a href="#" class="method navigator-link" panel-name="suite-Suite" title="com.selenium.AccountManagerLoginPageTest" hash-for-method="loginlogoutTest({password=ThorMigration@12345, firstname=cfjefewrvjr, browser=chrome, run=yes, testname=loginlogoutT...)">loginlogoutTest({password=ThorMigration@12345, firstname=cfjefewrvjr, browser=chrome, run=yes, testname=loginlogoutT...)</a> <!-- method navigator-link -->
                      </span>
                      <br/>
                      <span>
                        <img width="3%" src="failed.png"/>
                        <a href="#" class="method navigator-link" panel-name="suite-Suite" title="com.selenium.AccountManagerLoginPageTest" hash-for-method="loginlogoutTest({password=ThorMigration@12345, firstname=Watane, browser=chrome, run=yes, testname=loginlogoutTest, ...)">loginlogoutTest({password=ThorMigration@12345, firstname=Watane, browser=chrome, run=yes, testname=loginlogoutTest, ...)</a> <!-- method navigator-link -->
                      </span>
                      <br/>
                      <span>
                        <img width="3%" src="failed.png"/>
                        <a href="#" class="method navigator-link" panel-name="suite-Suite" title="com.selenium.AccountManagerLoginPageTest" hash-for-method="loginlogoutTest({password=admin123, firstname=Bhoomi, browser=chrome, run=yes, testname=loginlogoutTest, menu=, vers...)">loginlogoutTest({password=admin123, firstname=Bhoomi, browser=chrome, run=yes, testname=loginlogoutTest, menu=, vers...)</a> <!-- method navigator-link -->
                      </span>
                      <br/>
                      <span>
                        <img width="3%" src="failed.png"/>
                        <a href="#" class="method navigator-link" panel-name="suite-Suite" title="com.selenium.AccountManagerLoginPageTest" hash-for-method="loginlogoutTest({password=admin123, firstname=Bhoomi, browser=chrome, run=yes, testname=loginlogoutTest, menu=, vers...)">loginlogoutTest({password=admin123, firstname=Bhoomi, browser=chrome, run=yes, testname=loginlogoutTest, menu=, vers...)</a> <!-- method navigator-link -->
                      </span>
                      <br/>
                      <span>
                        <img width="3%" src="failed.png"/>
                        <a href="#" class="method navigator-link" panel-name="suite-Suite" title="com.selenium.AdminConsolePageTest" hash-for-method="verifyNewUser({password=ThorMigration@12345, firstname=Mayur, browser=chrome, run=yes, testname=verifyNewUser, men...)">verifyNewUser({password=ThorMigration@12345, firstname=Mayur, browser=chrome, run=yes, testname=verifyNewUser, men...)</a> <!-- method navigator-link -->
                      </span>
                      <br/>
                      <span>
                        <img width="3%" src="failed.png"/>
                        <a href="#" class="method navigator-link" panel-name="suite-Suite" title="com.selenium.AdminConsolePageTest" hash-for-method="verifyNewUser({password=ThorMigration@12345, firstname=SapreTest, browser=firefox, run=yes, testname=verifyNewUser...)">verifyNewUser({password=ThorMigration@12345, firstname=SapreTest, browser=firefox, run=yes, testname=verifyNewUser...)</a> <!-- method navigator-link -->
                      </span>
                      <br/>
                      <span>
                        <img width="3%" src="failed.png"/>
                        <a href="#" class="method navigator-link" panel-name="suite-Suite" title="com.selenium.AdminConsolePageTest" hash-for-method="verifyNewUser({password=ThorMigration@12345, firstname=Sapre, browser=chrome, run=yes, testname=verifyNewUser, men...)">verifyNewUser({password=ThorMigration@12345, firstname=Sapre, browser=chrome, run=yes, testname=verifyNewUser, men...)</a> <!-- method navigator-link -->
                      </span>
                      <br/>
                    </div> <!-- method-list-content failed suite-Suite -->
                  </li>
                </ul>
              </div> <!-- suite-section-content -->
            </div> <!-- result-section -->
          </div> <!-- navigator-suite-content -->
        </div> <!-- rounded-window -->
      </div> <!-- suite -->
    </div> <!-- navigator-root -->
    <div class="wrapper">
      <div class="main-panel-root">
        <div panel-name="suite-Suite" class="panel Suite">
          <div class="suite-Suite-class-failed">
            <div class="main-panel-header rounded-window-top">
              <img src="failed.png"/>
              <span class="class-name">com.selenium.AccountManagerLoginPageTest</span>
            </div> <!-- main-panel-header rounded-window-top -->
            <div class="main-panel-content rounded-window-bottom">
              <div class="method">
                <div class="method-content">
                  <a name="loginlogoutTest({password=ThorMigration@12345, firstname=cfjefewrvjr, browser=chrome, run=yes, testname=loginlogoutT...)">
                  </a> <!-- loginlogoutTest({password=ThorMigration@12345, firstname=cfjefewrvjr, browser=chrome, run=yes, testname=loginlogoutT...) -->
                  <span class="method-name">loginlogoutTest</span>
                  <span class="parameters">({password=ThorMigration@12345, firstname=cfjefewrvjr, browser=chrome, run=yes, testname=loginlogoutTest, menu=, version=, primaryemail=, username=QATHOR1005MIG, lastname=})</span>
                  <div class="stack-trace">java.lang.NullPointerException
	at com.selenium.listeners.ListnerClass.onTestStart(ListnerClass.java:22)
	at java.util.concurrent.ThreadPoolExecutor.runWorker(ThreadPoolExecutor.java:1142)
	at java.util.concurrent.ThreadPoolExecutor$Worker.run(ThreadPoolExecutor.java:617)
	at java.lang.Thread.run(Thread.java:745)
... Removed 9 stack frames
</div> <!-- stack-trace -->
                  <em>
(To verify login logout functionality)                  </em>
                </div> <!-- method-content -->
              </div> <!-- method -->
              <div class="method">
                <div class="method-content">
                  <a name="loginlogoutTest({password=ThorMigration@12345, firstname=Watane, browser=chrome, run=yes, testname=loginlogoutTest, ...)">
                  </a> <!-- loginlogoutTest({password=ThorMigration@12345, firstname=Watane, browser=chrome, run=yes, testname=loginlogoutTest, ...) -->
                  <span class="method-name">loginlogoutTest</span>
                  <span class="parameters">({password=ThorMigration@12345, firstname=Watane, browser=chrome, run=yes, testname=loginlogoutTest, menu=, version=, primaryemail=, username=QATHOR1005MIG, lastname=})</span>
                  <div class="stack-trace">java.lang.NullPointerException
	at com.selenium.listeners.ListnerClass.onTestStart(ListnerClass.java:22)
	at java.util.concurrent.ThreadPoolExecutor.runWorker(ThreadPoolExecutor.java:1142)
	at java.util.concurrent.ThreadPoolExecutor$Worker.run(ThreadPoolExecutor.java:617)
	at java.lang.Thread.run(Thread.java:745)
... Removed 9 stack frames
</div> <!-- stack-trace -->
                  <em>
(To verify login logout functionality)                  </em>
                </div> <!-- method-content -->
              </div> <!-- method -->
              <div class="method">
                <div class="method-content">
                  <a name="loginlogoutTest({password=ThorMigration@12345, firstname=cfjefewrvjr, browser=chrome, run=yes, testname=loginlogoutT...)">
                  </a> <!-- loginlogoutTest({password=ThorMigration@12345, firstname=cfjefewrvjr, browser=chrome, run=yes, testname=loginlogoutT...) -->
                  <span class="method-name">loginlogoutTest</span>
                  <span class="parameters">({password=ThorMigration@12345, firstname=cfjefewrvjr, browser=chrome, run=yes, testname=loginlogoutTest, menu=, version=, primaryemail=, username=QATHOR1005MIG, lastname=})</span>
                  <div class="stack-trace">java.lang.NullPointerException
	at com.selenium.listeners.ListnerClass.onTestStart(ListnerClass.java:22)
	at java.util.concurrent.ThreadPoolExecutor.runWorker(ThreadPoolExecutor.java:1142)
	at java.util.concurrent.ThreadPoolExecutor$Worker.run(ThreadPoolExecutor.java:617)
	at java.lang.Thread.run(Thread.java:745)
... Removed 9 stack frames
</div> <!-- stack-trace -->
                  <em>
(To verify login logout functionality)                  </em>
                </div> <!-- method-content -->
              </div> <!-- method -->
              <div class="method">
                <div class="method-content">
                  <a name="loginlogoutTest({password=ThorMigration@12345, firstname=Watane, browser=chrome, run=yes, testname=loginlogoutTest, ...)">
                  </a> <!-- loginlogoutTest({password=ThorMigration@12345, firstname=Watane, browser=chrome, run=yes, testname=loginlogoutTest, ...) -->
                  <span class="method-name">loginlogoutTest</span>
                  <span class="parameters">({password=ThorMigration@12345, firstname=Watane, browser=chrome, run=yes, testname=loginlogoutTest, menu=, version=, primaryemail=, username=QATHOR1005MIG, lastname=})</span>
                  <div class="stack-trace">java.lang.NullPointerException
	at com.selenium.listeners.ListnerClass.onTestStart(ListnerClass.java:22)
	at java.util.concurrent.ThreadPoolExecutor.runWorker(ThreadPoolExecutor.java:1142)
	at java.util.concurrent.ThreadPoolExecutor$Worker.run(ThreadPoolExecutor.java:617)
	at java.lang.Thread.run(Thread.java:745)
... Removed 9 stack frames
</div> <!-- stack-trace -->
                  <em>
(To verify login logout functionality)                  </em>
                </div> <!-- method-content -->
              </div> <!-- method -->
              <div class="method">
                <div class="method-content">
                  <a name="loginlogoutTest({password=admin123, firstname=Bhoomi, browser=chrome, run=yes, testname=loginlogoutTest, menu=, vers...)">
                  </a> <!-- loginlogoutTest({password=admin123, firstname=Bhoomi, browser=chrome, run=yes, testname=loginlogoutTest, menu=, vers...) -->
                  <span class="method-name">loginlogoutTest</span>
                  <span class="parameters">({password=admin123, firstname=Bhoomi, browser=chrome, run=yes, testname=loginlogoutTest, menu=, version=, primaryemail=, username=admin, lastname=})</span>
                  <div class="stack-trace">java.lang.NullPointerException
	at com.selenium.listeners.ListnerClass.onTestStart(ListnerClass.java:22)
	at java.util.concurrent.ThreadPoolExecutor.runWorker(ThreadPoolExecutor.java:1142)
	at java.util.concurrent.ThreadPoolExecutor$Worker.run(ThreadPoolExecutor.java:617)
	at java.lang.Thread.run(Thread.java:745)
... Removed 9 stack frames
</div> <!-- stack-trace -->
                  <em>
(To verify login logout functionality)                  </em>
                </div> <!-- method-content -->
              </div> <!-- method -->
              <div class="method">
                <div class="method-content">
                  <a name="loginlogoutTest({password=admin123, firstname=Bhoomi, browser=chrome, run=yes, testname=loginlogoutTest, menu=, vers...)">
                  </a> <!-- loginlogoutTest({password=admin123, firstname=Bhoomi, browser=chrome, run=yes, testname=loginlogoutTest, menu=, vers...) -->
                  <span class="method-name">loginlogoutTest</span>
                  <span class="parameters">({password=admin123, firstname=Bhoomi, browser=chrome, run=yes, testname=loginlogoutTest, menu=, version=, primaryemail=, username=admin, lastname=})</span>
                  <div class="stack-trace">java.lang.NullPointerException
	at com.selenium.listeners.ListnerClass.onTestStart(ListnerClass.java:22)
	at java.util.concurrent.ThreadPoolExecutor.runWorker(ThreadPoolExecutor.java:1142)
	at java.util.concurrent.ThreadPoolExecutor$Worker.run(ThreadPoolExecutor.java:617)
	at java.lang.Thread.run(Thread.java:745)
... Removed 9 stack frames
</div> <!-- stack-trace -->
                  <em>
(To verify login logout functionality)                  </em>
                </div> <!-- method-content -->
              </div> <!-- method -->
            </div> <!-- main-panel-content rounded-window-bottom -->
          </div> <!-- suite-Suite-class-failed -->
          <div class="suite-Suite-class-failed">
            <div class="main-panel-header rounded-window-top">
              <img src="failed.png"/>
              <span class="class-name">com.selenium.AdminConsolePageTest</span>
            </div> <!-- main-panel-header rounded-window-top -->
            <div class="main-panel-content rounded-window-bottom">
              <div class="method">
                <div class="method-content">
                  <a name="verifyNewUser({password=ThorMigration@12345, firstname=Mayur, browser=chrome, run=yes, testname=verifyNewUser, men...)">
                  </a> <!-- verifyNewUser({password=ThorMigration@12345, firstname=Mayur, browser=chrome, run=yes, testname=verifyNewUser, men...) -->
                  <span class="method-name">verifyNewUser</span>
                  <span class="parameters">({password=ThorMigration@12345, firstname=Mayur, browser=chrome, run=yes, testname=verifyNewUser, menu=Add & manage users, version=79.0.3945.117, primaryemail=testautomation0504@gmail.com, username=QATHOR1005MIG, lastname=Sapre})</span>
                  <div class="stack-trace">org.openqa.selenium.NoSuchElementException: no such element: Unable to locate element: {&quot;method&quot;:&quot;xpath&quot;,&quot;selector&quot;:&quot;//*[text()=&apos;Application Panel&apos;]&quot;}
  (Session info: chrome=79.0.3945.117)
For documentation on this error, please visit: https://www.seleniumhq.org/exceptions/no_such_element.html
Build info: version: &apos;4.0.0-alpha-1&apos;, revision: &apos;d1d3728cae&apos;, time: &apos;2019-04-24T13:42:21&apos;
System info: host: &apos;ARPGL001447&apos;, ip: &apos;10.196.155.252&apos;, os.name: &apos;Windows 10&apos;, os.arch: &apos;amd64&apos;, os.version: &apos;10.0&apos;, java.version: &apos;1.8.0_91&apos;
Driver info: org.openqa.selenium.remote.RemoteWebDriver
Capabilities {acceptInsecureCerts: false, browserName: chrome, browserVersion: 79.0.3945.117, chrome: {chromedriverVersion: 79.0.3945.36 (3582db32b3389..., userDataDir: /tmp/.com.google.Chrome.N9vcbj}, goog:chromeOptions: {debuggerAddress: localhost:42775}, javascriptEnabled: true, networkConnectionEnabled: false, pageLoadStrategy: normal, platform: LINUX, platformName: LINUX, proxy: Proxy(), setWindowRect: true, strictFileInteractability: false, timeouts: {implicit: 0, pageLoad: 300000, script: 30000}, unhandledPromptBehavior: dismiss and notify, webdriver.remote.sessionid: 619b95dc74f9ab0fe91f7c0e848...}
Session ID: 619b95dc74f9ab0fe91f7c0e848ba4c2
*** Element info: {Using=xpath, value=//*[text()=&apos;Application Panel&apos;]}
	at org.openqa.selenium.remote.codec.w3c.W3CHttpResponseCodec.createException(W3CHttpResponseCodec.java:190)
	at org.openqa.selenium.remote.codec.w3c.W3CHttpResponseCodec.decode(W3CHttpResponseCodec.java:124)
	at org.openqa.selenium.remote.codec.w3c.W3CHttpResponseCodec.decode(W3CHttpResponseCodec.java:51)
	at org.openqa.selenium.remote.HttpCommandExecutor.execute(HttpCommandExecutor.java:161)
	at org.openqa.selenium.remote.RemoteWebDriver.execute(RemoteWebDriver.java:577)
	at org.openqa.selenium.remote.RemoteWebDriver.findElement(RemoteWebDriver.java:328)
	at org.openqa.selenium.remote.RemoteWebDriver.findElementByXPath(RemoteWebDriver.java:446)
	at org.openqa.selenium.By$ByXPath.findElement(By.java:353)
	at org.openqa.selenium.remote.RemoteWebDriver.findElement(RemoteWebDriver.java:320)
	at com.selenium.pages.ApplicationPanelPage.verifyApplicationPanelText(ApplicationPanelPage.java:24)
	at com.selenium.AdminConsolePageTest.verifyNewUser(AdminConsolePageTest.java:30)
	at java.util.concurrent.ThreadPoolExecutor.runWorker(ThreadPoolExecutor.java:1142)
	at java.util.concurrent.ThreadPoolExecutor$Worker.run(ThreadPoolExecutor.java:617)
	at java.lang.Thread.run(Thread.java:745)
... Removed 16 stack frames
</div> <!-- stack-trace -->
                  <em>
(To verify creation of new user)                  </em>
                </div> <!-- method-content -->
              </div> <!-- method -->
              <div class="method">
                <div class="method-content">
                  <a name="verifyNewUser({password=ThorMigration@12345, firstname=SapreTest, browser=firefox, run=yes, testname=verifyNewUser...)">
                  </a> <!-- verifyNewUser({password=ThorMigration@12345, firstname=SapreTest, browser=firefox, run=yes, testname=verifyNewUser...) -->
                  <span class="method-name">verifyNewUser</span>
                  <span class="parameters">({password=ThorMigration@12345, firstname=SapreTest, browser=firefox, run=yes, testname=verifyNewUser, menu=Add & manage users, version=89.0, primaryemail=testautomation0504@gmail.com, username=QATHOR1005MIG, lastname=Mayur})</span>
                  <div class="stack-trace">org.openqa.selenium.NoSuchElementException: Unable to locate element: //*[text()=&apos;Application Panel&apos;]
For documentation on this error, please visit: https://www.seleniumhq.org/exceptions/no_such_element.html
Build info: version: &apos;4.0.0-alpha-1&apos;, revision: &apos;d1d3728cae&apos;, time: &apos;2019-04-24T13:42:21&apos;
System info: host: &apos;ARPGL001447&apos;, ip: &apos;10.196.155.252&apos;, os.name: &apos;Windows 10&apos;, os.arch: &apos;amd64&apos;, os.version: &apos;10.0&apos;, java.version: &apos;1.8.0_91&apos;
Driver info: org.openqa.selenium.remote.RemoteWebDriver
Capabilities {acceptInsecureCerts: false, browserName: firefox, browserVersion: 89.0, javascriptEnabled: true, moz:accessibilityChecks: false, moz:buildID: 20210527174632, moz:geckodriverVersion: 0.29.0, moz:headless: false, moz:processID: 718, moz:profile: /tmp/rust_mozprofilecifQNj, moz:shutdownTimeout: 60000, moz:useNonSpecCompliantPointerOrigin: false, moz:webdriverClick: true, pageLoadStrategy: normal, platform: LINUX, platformName: LINUX, platformVersion: 5.4.72-microsoft-standard-WSL2, setWindowRect: true, strictFileInteractability: false, timeouts: {implicit: 0, pageLoad: 300000, script: 30000}, unhandledPromptBehavior: dismiss and notify, webdriver.remote.sessionid: 164a444a-4590-4275-b932-439...}
Session ID: 164a444a-4590-4275-b932-43989a37c65e
*** Element info: {Using=xpath, value=//*[text()=&apos;Application Panel&apos;]}
	at org.openqa.selenium.remote.codec.w3c.W3CHttpResponseCodec.createException(W3CHttpResponseCodec.java:190)
	at org.openqa.selenium.remote.codec.w3c.W3CHttpResponseCodec.decode(W3CHttpResponseCodec.java:124)
	at org.openqa.selenium.remote.codec.w3c.W3CHttpResponseCodec.decode(W3CHttpResponseCodec.java:51)
	at org.openqa.selenium.remote.HttpCommandExecutor.execute(HttpCommandExecutor.java:161)
	at org.openqa.selenium.remote.RemoteWebDriver.execute(RemoteWebDriver.java:577)
	at org.openqa.selenium.remote.RemoteWebDriver.findElement(RemoteWebDriver.java:328)
	at org.openqa.selenium.remote.RemoteWebDriver.findElementByXPath(RemoteWebDriver.java:446)
	at org.openqa.selenium.By$ByXPath.findElement(By.java:353)
	at org.openqa.selenium.remote.RemoteWebDriver.findElement(RemoteWebDriver.java:320)
	at com.selenium.pages.ApplicationPanelPage.verifyApplicationPanelText(ApplicationPanelPage.java:24)
	at com.selenium.AdminConsolePageTest.verifyNewUser(AdminConsolePageTest.java:30)
	at java.util.concurrent.ThreadPoolExecutor.runWorker(ThreadPoolExecutor.java:1142)
	at java.util.concurrent.ThreadPoolExecutor$Worker.run(ThreadPoolExecutor.java:617)
	at java.lang.Thread.run(Thread.java:745)
... Removed 15 stack frames
</div> <!-- stack-trace -->
                  <em>
(To verify creation of new user)                  </em>
                </div> <!-- method-content -->
              </div> <!-- method -->
              <div class="method">
                <div class="method-content">
                  <a name="verifyNewUser({password=ThorMigration@12345, firstname=Sapre, browser=chrome, run=yes, testname=verifyNewUser, men...)">
                  </a> <!-- verifyNewUser({password=ThorMigration@12345, firstname=Sapre, browser=chrome, run=yes, testname=verifyNewUser, men...) -->
                  <span class="method-name">verifyNewUser</span>
                  <span class="parameters">({password=ThorMigration@12345, firstname=Sapre, browser=chrome, run=yes, testname=verifyNewUser, menu=Add & manage users, version=91.0.4472.77, primaryemail=testautomation0504@gmail.com, username=QATHOR1005MIG, lastname=Mayur})</span>
                  <div class="stack-trace">org.openqa.selenium.TimeoutException: Expected condition failed: waiting for element to be clickable: By.xpath: //*[text()=&apos;Add &amp; manage users&apos;] (tried for 50 second(s) with 500 milliseconds interval)
	at org.openqa.selenium.support.ui.WebDriverWait.timeoutException(WebDriverWait.java:95)
	at org.openqa.selenium.support.ui.FluentWait.until(FluentWait.java:234)
	at com.selenium.factories.ExplicitWaitFactory.performExplicitWait(ExplicitWaitFactory.java:22)
	at com.selenium.pages.Basepage.click(Basepage.java:15)
	at com.selenium.pages.AdminConsolePage.clickOnMenu(AdminConsolePage.java:26)
	at com.selenium.AdminConsolePageTest.verifyNewUser(AdminConsolePageTest.java:32)
	at java.util.concurrent.ThreadPoolExecutor.runWorker(ThreadPoolExecutor.java:1142)
	at java.util.concurrent.ThreadPoolExecutor$Worker.run(ThreadPoolExecutor.java:617)
	at java.lang.Thread.run(Thread.java:745)
Caused by: org.openqa.selenium.NoSuchElementException: no such element: Unable to locate element: {&quot;method&quot;:&quot;xpath&quot;,&quot;selector&quot;:&quot;//*[text()=&apos;Add &amp; manage users&apos;]&quot;}
  (Session info: chrome=91.0.4472.77)
For documentation on this error, please visit: https://www.seleniumhq.org/exceptions/no_such_element.html
Build info: version: &apos;4.0.0-alpha-1&apos;, revision: &apos;d1d3728cae&apos;, time: &apos;2019-04-24T13:42:21&apos;
System info: host: &apos;ARPGL001447&apos;, ip: &apos;10.196.155.252&apos;, os.name: &apos;Windows 10&apos;, os.arch: &apos;amd64&apos;, os.version: &apos;10.0&apos;, java.version: &apos;1.8.0_91&apos;
Driver info: org.openqa.selenium.remote.RemoteWebDriver
Capabilities {acceptInsecureCerts: false, browserName: chrome, browserVersion: 91.0.4472.77, chrome: {chromedriverVersion: 91.0.4472.19 (1bf021f248676..., userDataDir: /tmp/.com.google.Chrome.wNNnUs}, goog:chromeOptions: {debuggerAddress: localhost:38475}, javascriptEnabled: true, networkConnectionEnabled: false, pageLoadStrategy: normal, platform: LINUX, platformName: LINUX, proxy: Proxy(), setWindowRect: true, strictFileInteractability: false, timeouts: {implicit: 0, pageLoad: 300000, script: 30000}, unhandledPromptBehavior: dismiss and notify, webauthn:extension:largeBlob: true, webauthn:virtualAuthenticators: true, webdriver.remote.sessionid: 57336d2f24fec735b06cd3b8ab9...}
Session ID: 57336d2f24fec735b06cd3b8ab93031e
*** Element info: {Using=xpath, value=//*[text()=&apos;Add &amp; manage users&apos;]}
	at org.openqa.selenium.remote.codec.w3c.W3CHttpResponseCodec.createException(W3CHttpResponseCodec.java:190)
	at org.openqa.selenium.remote.codec.w3c.W3CHttpResponseCodec.decode(W3CHttpResponseCodec.java:124)
	at org.openqa.selenium.remote.codec.w3c.W3CHttpResponseCodec.decode(W3CHttpResponseCodec.java:51)
	at org.openqa.selenium.remote.HttpCommandExecutor.execute(HttpCommandExecutor.java:161)
	at org.openqa.selenium.remote.RemoteWebDriver.execute(RemoteWebDriver.java:577)
	at org.openqa.selenium.remote.RemoteWebDriver.findElement(RemoteWebDriver.java:328)
	at org.openqa.selenium.remote.RemoteWebDriver.findElementByXPath(RemoteWebDriver.java:446)
	at org.openqa.selenium.By$ByXPath.findElement(By.java:353)
	at org.openqa.selenium.remote.RemoteWebDriver.findElement(RemoteWebDriver.java:320)
	at org.openqa.selenium.support.ui.ExpectedConditions$7.apply(ExpectedConditions.java:205)
	at org.openqa.selenium.support.ui.ExpectedConditions$7.apply(ExpectedConditions.java:201)
	at org.openqa.selenium.support.ui.ExpectedConditions$22.apply(ExpectedConditions.java:641)
	at org.openqa.selenium.support.ui.ExpectedConditions$22.apply(ExpectedConditions.java:638)
	at org.openqa.selenium.support.ui.FluentWait.until(FluentWait.java:211)
	... 19 more
... Removed 15 stack frames
</div> <!-- stack-trace -->
                  <em>
(To verify creation of new user)                  </em>
                </div> <!-- method-content -->
              </div> <!-- method -->
            </div> <!-- main-panel-content rounded-window-bottom -->
          </div> <!-- suite-Suite-class-failed -->
        </div> <!-- panel Suite -->
        <div panel-name="test-xml-Suite" class="panel">
          <div class="main-panel-header rounded-window-top">
            <span class="header-content">C:\Users\mayur_sapre\eclipse-workspace\SeleniumAutomation\testng.xml</span>
          </div> <!-- main-panel-header rounded-window-top -->
          <div class="main-panel-content rounded-window-bottom">
            <pre>
&lt;?xml version=&quot;1.0&quot; encoding=&quot;UTF-8&quot;?&gt;
&lt;!DOCTYPE suite SYSTEM &quot;https://testng.org/testng-1.0.dtd&quot;&gt;
&lt;suite name=&quot;Suite&quot;&gt;
  &lt;listeners&gt;
    &lt;listener class-name=&quot;com.selenium.listeners.ListnerClass&quot;/&gt;
    &lt;listener class-name=&quot;com.selenium.listeners.MethodInterceptor&quot;/&gt;
    &lt;listener class-name=&quot;com.selenium.listeners.AnnotationTransformer&quot;/&gt;
    &lt;listener class-name=&quot;com.epam.reportportal.testng.ReportPortalTestNGListener&quot;/&gt;
  &lt;/listeners&gt;
  &lt;test thread-count=&quot;1&quot; name=&quot;Test&quot; parallel=&quot;methods&quot;&gt;
    &lt;classes&gt;
      &lt;class name=&quot;com.selenium.AccountManagerLoginPageTest&quot;/&gt;
      &lt;class name=&quot;com.selenium.AdminConsolePageTest&quot;/&gt;
    &lt;/classes&gt;
  &lt;/test&gt; &lt;!-- Test --&gt;
&lt;/suite&gt; &lt;!-- Suite --&gt;
            </pre>
          </div> <!-- main-panel-content rounded-window-bottom -->
        </div> <!-- panel -->
        <div panel-name="testlist-Suite" class="panel">
          <div class="main-panel-header rounded-window-top">
            <span class="header-content">Tests for Suite</span>
          </div> <!-- main-panel-header rounded-window-top -->
          <div class="main-panel-content rounded-window-bottom">
            <ul>
              <li>
                <span class="test-name">Test (2 classes)</span>
              </li>
            </ul>
          </div> <!-- main-panel-content rounded-window-bottom -->
        </div> <!-- panel -->
        <div panel-name="group-Suite" class="panel">
          <div class="main-panel-header rounded-window-top">
            <span class="header-content">Groups for Suite</span>
          </div> <!-- main-panel-header rounded-window-top -->
          <div class="main-panel-content rounded-window-bottom">
          </div> <!-- main-panel-content rounded-window-bottom -->
        </div> <!-- panel -->
        <div panel-name="times-Suite" class="panel">
          <div class="main-panel-header rounded-window-top">
            <span class="header-content">Times for Suite</span>
          </div> <!-- main-panel-header rounded-window-top -->
          <div class="main-panel-content rounded-window-bottom">
            <div class="times-div">
              <script type="text/javascript">
suiteTableInitFunctions.push('tableData_Suite');
function tableData_Suite() {
var data = new google.visualization.DataTable();
data.addColumn('number', 'Number');
data.addColumn('string', 'Method');
data.addColumn('string', 'Class');
data.addColumn('number', 'Time (ms)');
data.addRows(9);
data.setCell(0, 0, 0)
data.setCell(0, 1, 'verifyNewUser')
data.setCell(0, 2, 'com.selenium.AdminConsolePageTest')
data.setCell(0, 3, 59618);
data.setCell(1, 0, 1)
data.setCell(1, 1, 'verifyNewUser')
data.setCell(1, 2, 'com.selenium.AdminConsolePageTest')
data.setCell(1, 3, 11672);
data.setCell(2, 0, 2)
data.setCell(2, 1, 'verifyNewUser')
data.setCell(2, 2, 'com.selenium.AdminConsolePageTest')
data.setCell(2, 3, 10410);
data.setCell(3, 0, 3)
data.setCell(3, 1, 'loginlogoutTest')
data.setCell(3, 2, 'com.selenium.AccountManagerLoginPageTest')
data.setCell(3, 3, 27);
data.setCell(4, 0, 4)
data.setCell(4, 1, 'loginlogoutTest')
data.setCell(4, 2, 'com.selenium.AccountManagerLoginPageTest')
data.setCell(4, 3, 8);
data.setCell(5, 0, 5)
data.setCell(5, 1, 'loginlogoutTest')
data.setCell(5, 2, 'com.selenium.AccountManagerLoginPageTest')
data.setCell(5, 3, 8);
data.setCell(6, 0, 6)
data.setCell(6, 1, 'loginlogoutTest')
data.setCell(6, 2, 'com.selenium.AccountManagerLoginPageTest')
data.setCell(6, 3, 8);
data.setCell(7, 0, 7)
data.setCell(7, 1, 'loginlogoutTest')
data.setCell(7, 2, 'com.selenium.AccountManagerLoginPageTest')
data.setCell(7, 3, 7);
data.setCell(8, 0, 8)
data.setCell(8, 1, 'loginlogoutTest')
data.setCell(8, 2, 'com.selenium.AccountManagerLoginPageTest')
data.setCell(8, 3, 2);
window.suiteTableData['Suite']= { tableData: data, tableDiv: 'times-div-Suite'}
return data;
}
              </script>
              <span class="suite-total-time">Total running time: 1 minutes</span>
              <div id="times-div-Suite">
              </div> <!-- times-div-Suite -->
            </div> <!-- times-div -->
          </div> <!-- main-panel-content rounded-window-bottom -->
        </div> <!-- panel -->
        <div panel-name="reporter-Suite" class="panel">
          <div class="main-panel-header rounded-window-top">
            <span class="header-content">Reporter output for Suite</span>
          </div> <!-- main-panel-header rounded-window-top -->
          <div class="main-panel-content rounded-window-bottom">
          </div> <!-- main-panel-content rounded-window-bottom -->
        </div> <!-- panel -->
        <div panel-name="ignored-methods-Suite" class="panel">
          <div class="main-panel-header rounded-window-top">
            <span class="header-content">1 ignored method</span>
          </div> <!-- main-panel-header rounded-window-top -->
          <div class="main-panel-content rounded-window-bottom">
            <div class="ignored-class-div">
              <span class="ignored-class-name">com.selenium.AdminConsolePageTest</span>
              <div class="ignored-methods-div">
                <span class="ignored-method-name">deleteElasticSearchIndex</span>
                <br/>
              </div> <!-- ignored-methods-div -->
            </div> <!-- ignored-class-div -->
          </div> <!-- main-panel-content rounded-window-bottom -->
        </div> <!-- panel -->
        <div panel-name="chronological-Suite" class="panel">
          <div class="main-panel-header rounded-window-top">
            <span class="header-content">Methods in chronological order</span>
          </div> <!-- main-panel-header rounded-window-top -->
          <div class="main-panel-content rounded-window-bottom">
            <div class="chronological-class">
              <div class="chronological-class-name">com.selenium.AccountManagerLoginPageTest</div> <!-- chronological-class-name -->
              <div class="configuration-suite before">
                <span class="method-name">deleteElasticSearchIndex</span>
                <span class="method-start">0 ms</span>
              </div> <!-- configuration-suite before -->
              <div class="configuration-method before">
                <span class="method-name">setup([{password=admin123, firstname=Bhoomi, browser=chrome, run=yes, testname=loginlogoutTest, menu=, ver...)</span>
                <span class="method-start">3839 ms</span>
              </div> <!-- configuration-method before -->
              <div class="configuration-method after">
                <span class="method-name">tearDown([TestResult name=loginlogoutTest status=FAILURE method=AccountManagerLoginPageTest.loginlogoutTest(j...)</span>
                <span class="method-start">12202 ms</span>
              </div> <!-- configuration-method after -->
              <div class="configuration-method before">
                <span class="method-name">setup([{password=ThorMigration@12345, firstname=Watane, browser=chrome, run=yes, testname=loginlogoutTest,...)</span>
                <span class="method-start">12276 ms</span>
              </div> <!-- configuration-method before -->
              <div class="configuration-method after">
                <span class="method-name">tearDown([TestResult name=loginlogoutTest status=FAILURE method=AccountManagerLoginPageTest.loginlogoutTest(j...)</span>
                <span class="method-start">17452 ms</span>
              </div> <!-- configuration-method after -->
              <div class="configuration-method before">
                <span class="method-name">setup([{password=ThorMigration@12345, firstname=cfjefewrvjr, browser=chrome, run=yes, testname=loginlogout...)</span>
                <span class="method-start">17534 ms</span>
              </div> <!-- configuration-method before -->
              <div class="configuration-method after">
                <span class="method-name">tearDown([TestResult name=loginlogoutTest status=FAILURE method=AccountManagerLoginPageTest.loginlogoutTest(j...)</span>
                <span class="method-start">22487 ms</span>
              </div> <!-- configuration-method after -->
              <div class="configuration-method before">
                <span class="method-name">setup([{password=admin123, firstname=Bhoomi, browser=chrome, run=yes, testname=loginlogoutTest, menu=, ver...)</span>
                <span class="method-start">22555 ms</span>
              </div> <!-- configuration-method before -->
              <div class="configuration-method after">
                <span class="method-name">tearDown([TestResult name=loginlogoutTest status=FAILURE method=AccountManagerLoginPageTest.loginlogoutTest(j...)</span>
                <span class="method-start">27240 ms</span>
              </div> <!-- configuration-method after -->
              <div class="configuration-method before">
                <span class="method-name">setup([{password=ThorMigration@12345, firstname=Watane, browser=chrome, run=yes, testname=loginlogoutTest,...)</span>
                <span class="method-start">27309 ms</span>
              </div> <!-- configuration-method before -->
              <div class="configuration-method after">
                <span class="method-name">tearDown([TestResult name=loginlogoutTest status=FAILURE method=AccountManagerLoginPageTest.loginlogoutTest(j...)</span>
                <span class="method-start">32091 ms</span>
              </div> <!-- configuration-method after -->
              <div class="configuration-method before">
                <span class="method-name">setup([{password=ThorMigration@12345, firstname=cfjefewrvjr, browser=chrome, run=yes, testname=loginlogout...)</span>
                <span class="method-start">32152 ms</span>
              </div> <!-- configuration-method before -->
              <div class="configuration-method after">
                <span class="method-name">tearDown([TestResult name=loginlogoutTest status=FAILURE method=AccountManagerLoginPageTest.loginlogoutTest(j...)</span>
                <span class="method-start">36963 ms</span>
              </div> <!-- configuration-method after -->
            </div> <!-- chronological-class -->
            <div class="chronological-class">
              <div class="chronological-class-name">com.selenium.AdminConsolePageTest</div> <!-- chronological-class-name -->
              <div class="configuration-method before">
                <span class="method-name">setup([{password=ThorMigration@12345, firstname=Mayur, browser=chrome, run=yes, testname=verifyNewUser, me...)</span>
                <span class="method-start">37027 ms</span>
              </div> <!-- configuration-method before -->
              <div class="test-method">
                <img src="failed.png">
                </img>
                <span class="method-name">verifyNewUser({password=ThorMigration@12345, firstname=Mayur, browser=chrome, run=yes, testname=verifyNewUser, men...)</span>
                <span class="method-start">41161 ms</span>
              </div> <!-- test-method -->
              <div class="configuration-method after">
                <span class="method-name">tearDown([TestResult name=verifyNewUser status=FAILURE method=AdminConsolePageTest.verifyNewUser(java.util.Ma...)</span>
                <span class="method-start">53015 ms</span>
              </div> <!-- configuration-method after -->
              <div class="configuration-method before">
                <span class="method-name">setup([{password=ThorMigration@12345, firstname=Sapre, browser=chrome, run=yes, testname=verifyNewUser, me...)</span>
                <span class="method-start">53074 ms</span>
              </div> <!-- configuration-method before -->
              <div class="test-method">
                <img src="failed.png">
                </img>
                <span class="method-name">verifyNewUser({password=ThorMigration@12345, firstname=Sapre, browser=chrome, run=yes, testname=verifyNewUser, men...)</span>
                <span class="method-start">56994 ms</span>
              </div> <!-- test-method -->
              <div class="configuration-method after">
                <span class="method-name">tearDown([TestResult name=verifyNewUser status=FAILURE method=AdminConsolePageTest.verifyNewUser(java.util.Ma...)</span>
                <span class="method-start">116785 ms</span>
              </div> <!-- configuration-method after -->
              <div class="configuration-method before">
                <span class="method-name">setup([{password=ThorMigration@12345, firstname=SapreTest, browser=firefox, run=yes, testname=verifyNewUse...)</span>
                <span class="method-start">116844 ms</span>
              </div> <!-- configuration-method before -->
              <div class="test-method">
                <img src="failed.png">
                </img>
                <span class="method-name">verifyNewUser({password=ThorMigration@12345, firstname=SapreTest, browser=firefox, run=yes, testname=verifyNewUser...)</span>
                <span class="method-start">124235 ms</span>
              </div> <!-- test-method -->
              <div class="configuration-method after">
                <span class="method-name">tearDown([TestResult name=verifyNewUser status=FAILURE method=AdminConsolePageTest.verifyNewUser(java.util.Ma...)</span>
                <span class="method-start">134821 ms</span>
              </div> <!-- configuration-method after -->
          </div> <!-- main-panel-content rounded-window-bottom -->
        </div> <!-- panel -->
      </div> <!-- main-panel-root -->
    </div> <!-- wrapper -->
  </body>
<script type="text/javascript" src="testng-reports2.js"></script>
</html>
